Arguments: 
  /usr/local/bin/node /usr/local/bin/yarn add nodemon

PATH: 
  /usr/local/bin:/System/Cryptexes/App/usr/bin:/usr/bin:/bin:/usr/sbin:/sbin

Yarn version: 
  1.12.3

Node version: 
  16.14.2

Platform: 
  darwin x64

Trace: 
  SyntaxError: /Users/nina/Jeremie/code/DAOclub/package.json: Unexpected string in JSON at position 165
      at JSON.parse (<anonymous>)
      at /usr/local/lib/node_modules/yarn/lib/cli.js:1631:59
      at Generator.next (<anonymous>)
      at step (/usr/local/lib/node_modules/yarn/lib/cli.js:304:30)
      at /usr/local/lib/node_modules/yarn/lib/cli.js:315:13

npm manifest: 
  {
    "name": "DAOclub",
    "version": "1.0.0",
    "description": "",
    "main": "index.js",
    "scripts": {
      "test": "echo \"Error: no test specified\" && exit 1"
      "start": "nodemon --config nodemon.json src/index.ts"
    },
    "keywords": [],
    "author": "",
    "license": "ISC",
    "devDependencies": {
      "@types/node": "^20.5.6",
      "prisma": "^5.2.0",
      "ts-node": "^10.9.1",
      "typescript": "^5.2.2"
    }
  }

yarn manifest: 
  No manifest

Lockfile: 
  No lockfile
